<?xml version="1.0" encoding="UTF-8"?>
<!-- Generated by org.testng.reporters.JUnitXMLReporter -->
<testsuite hostname="LAPTOP-0VAVTR1V" ignored="0" name="Test" tests="4" failures="0" timestamp="26 Jan 2019 22:06:14 GMT" time="0.053" errors="0">
  <testcase name="BrowserAutomation" time="0.009" classname="qaclickacademy.SeleniumTest"/>
  <testcase name="elementsUI" time="0.003" classname="qaclickacademy.SeleniumTest"/>
  <testcase name="postJira" time="0.001" classname="qaclickacademy.RestAPITest"/>
  <testcase name="twitterDelete" time="0.0" classname="qaclickacademy.RestAPITest"/>
</testsuite> <!-- Test -->
