<?xml version="1.0" encoding="UTF-8"?>
<testng-results skipped="0" failed="0" ignored="0" total="4" passed="4">
  <reporter-output>
  </reporter-output>
  <suite name="Suite" duration-ms="53" started-at="2019-01-26T22:06:14Z" finished-at="2019-01-26T22:06:14Z">
    <groups>
    </groups>
    <test name="Test" duration-ms="53" started-at="2019-01-26T22:06:14Z" finished-at="2019-01-26T22:06:14Z">
      <class name="qaclickacademy.RestAPITest">
        <test-method status="PASS" signature="postJira()[pri:0, instance:qaclickacademy.RestAPITest@531be3c5]" name="postJira" duration-ms="1" started-at="2019-01-26T22:06:14Z" finished-at="2019-01-26T22:06:14Z">
          <reporter-output>
          </reporter-output>
        </test-method> <!-- postJira -->
        <test-method status="PASS" signature="twitterDelete()[pri:0, instance:qaclickacademy.RestAPITest@531be3c5]" name="twitterDelete" duration-ms="0" started-at="2019-01-26T22:06:14Z" finished-at="2019-01-26T22:06:14Z">
          <reporter-output>
          </reporter-output>
        </test-method> <!-- twitterDelete -->
      </class> <!-- qaclickacademy.RestAPITest -->
      <class name="qaclickacademy.SeleniumTest">
        <test-method status="PASS" signature="BrowserAutomation()[pri:0, instance:qaclickacademy.SeleniumTest@3551a94]" name="BrowserAutomation" duration-ms="9" started-at="2019-01-26T22:06:14Z" finished-at="2019-01-26T22:06:14Z">
          <reporter-output>
          </reporter-output>
        </test-method> <!-- BrowserAutomation -->
        <test-method status="PASS" signature="elementsUI()[pri:0, instance:qaclickacademy.SeleniumTest@3551a94]" name="elementsUI" duration-ms="3" started-at="2019-01-26T22:06:14Z" finished-at="2019-01-26T22:06:14Z">
          <reporter-output>
          </reporter-output>
        </test-method> <!-- elementsUI -->
      </class> <!-- qaclickacademy.SeleniumTest -->
    </test> <!-- Test -->
  </suite> <!-- Suite -->
</testng-results>
